<?xml version="1.0" encoding="UTF-8" ?>
<testsuite tests="7" failures="1" name="com.teis.contarpalabras.ContarPalabrasTest" time="0.065" errors="0" skipped="0">
  <properties>
[...]
</properties>
  <testcase classname="com.teis.contarpalabras.ContarPalabrasTest" name="com.teis.contarpalabras.ContarPalabrasTest.testGetNumPalabrasC6" time="0.026"/>
  <testcase classname="com.teis.contarpalabras.ContarPalabrasTest" name="com.teis.contarpalabras.ContarPalabrasTest.testGetNumPalabrasC5" time="0.002"/>
  <testcase classname="com.teis.contarpalabras.ContarPalabrasTest" name="com.teis.contarpalabras.ContarPalabrasTest.testGetNumPalabrasC2" time="0.001"/>
  <testcase classname="com.teis.contarpalabras.ContarPalabrasTest" name="com.teis.contarpalabras.ContarPalabrasTest.testGetNumPalabrasC4" time="0.004"/>
  <testcase classname="com.teis.contarpalabras.ContarPalabrasTest" name="com.teis.contarpalabras.ContarPalabrasTest.testGetNumPalabrasC1" time="0"/>
  <testcase classname="com.teis.contarpalabras.ContarPalabrasTest" name="com.teis.contarpalabras.ContarPalabrasTest.testGetNumPalabrasC3" time="0.001"/>
  <testcase classname="com.teis.contarpalabras.ContarPalabrasTest" name="com.teis.contarpalabras.ContarPalabrasTest.testGetNumPalabrasC7" time="0.031">
    <failure message="expected: &lt;2&gt; but was: &lt;5&gt;" type="org.opentest4j.AssertionFailedError">org.opentest4j.AssertionFailedError: expected: &lt;2&gt; but was: &lt;5&gt;
	at org.junit.jupiter.api.AssertionUtils.fail(AssertionUtils.java:55)
	at org.junit.jupiter.api.AssertionUtils.failNotEqual(AssertionUtils.java:62)
	at org.junit.jupiter.api.AssertEquals.assertEquals(AssertEquals.java:150)
	at org.junit.jupiter.api.AssertEquals.assertEquals(AssertEquals.java:145)
	at org.junit.jupiter.api.Assertions.assertEquals(Assertions.java:510)
	at com.teis.contarpalabras.ContarPalabrasTest.testGetNumPalabrasC7(ContarPalabrasTest.java:131)
</failure>
    <system-out>C7: Cadena con n caracteres visibles y con más de un espacio en blanco separando las palabras
C7: valor esperado: 2 Valor obtenido: 5
</system-out>
  </testcase>
</testsuite>